<?xml version="1.0" encoding="UTF-8"?>
<testsuite name="agh.ics.oop.IntegrationTestLab4" tests="5" skipped="0" failures="0" errors="0" timestamp="2021-11-17T21:40:58" hostname="LAPTOP-BI9OBLLP" time="0.046">
  <properties/>
  <testcase name="objectAtTest()" classname="agh.ics.oop.IntegrationTestLab4" time="0.032"/>
  <testcase name="collisionNearEdgeTest()" classname="agh.ics.oop.IntegrationTestLab4" time="0.004"/>
  <testcase name="placeNotInMapTest()" classname="agh.ics.oop.IntegrationTestLab4" time="0.001"/>
  <testcase name="onlyForwardTest()" classname="agh.ics.oop.IntegrationTestLab4" time="0.002"/>
  <testcase name="collisionTest()" classname="agh.ics.oop.IntegrationTestLab4" time="0.001"/>
  <system-out><![CDATA[]]></system-out>
  <system-err><![CDATA[]]></system-err>
</testsuite>
