<?xml version="1.0" encoding="UTF-8"?>
<testsuite name="agh.ics.oop.IWorldMapTest" tests="11" skipped="0" failures="0" errors="0" timestamp="2021-11-24T18:01:32" hostname="LAPTOP-BI9OBLLP" time="0.044">
  <properties/>
  <testcase name="objectAtTest()" classname="agh.ics.oop.IWorldMapTest" time="0.023"/>
  <testcase name="canMoveWhereAnimalIs()" classname="agh.ics.oop.IWorldMapTest" time="0.001"/>
  <testcase name="canMoveOutsideMap()" classname="agh.ics.oop.IWorldMapTest" time="0.001"/>
  <testcase name="isOccupiedOutside()" classname="agh.ics.oop.IWorldMapTest" time="0.002"/>
  <testcase name="placeInMapTest()" classname="agh.ics.oop.IWorldMapTest" time="0.001"/>
  <testcase name="isNotOccupiedTest()" classname="agh.ics.oop.IWorldMapTest" time="0.001"/>
  <testcase name="wrongMapTest()" classname="agh.ics.oop.IWorldMapTest" time="0.001"/>
  <testcase name="placeAtAnimalTest()" classname="agh.ics.oop.IWorldMapTest" time="0.001"/>
  <testcase name="placeNotInMapTest()" classname="agh.ics.oop.IWorldMapTest" time="0.001"/>
  <testcase name="canMoveToTest()" classname="agh.ics.oop.IWorldMapTest" time="0.001"/>
  <testcase name="isOccupiedByAnimalTest()" classname="agh.ics.oop.IWorldMapTest" time="0.0"/>
  <system-out><![CDATA[]]></system-out>
  <system-err><![CDATA[]]></system-err>
</testsuite>
